# JRE version: OpenJDK Runtime Environment Corretto-11.0.18.10.1 (11.0.18+10) (build 11.0.18+10-LTS)
# Java VM: OpenJDK 64-Bit Server VM Corretto-11.0.18.10.1 (11.0.18+10-LTS, mixed mode, tiered, compressed oops, g1 gc, linux-amd64)
Heap:
 garbage-first heap   total 164864K, used 24189K [0x00000000c3200000, 0x0000000100000000)
  region size 1024K, 7 young (7168K), 7 survivors (7168K)
 Metaspace       used 50654K, capacity 51766K, committed 52096K, reserved 1095680K
  class space    used 5710K, capacity 6163K, committed 6272K, reserved 1048576K
GC Heap History (20 events):
Event: 10.966 GC heap after
{Heap after GC invocations=11 (full 0):
 garbage-first heap   total 76800K, used 13521K [0x00000000c3200000, 0x0000000100000000)
  region size 1024K, 4 young (4096K), 4 survivors (4096K)
 Metaspace       used 25400K, capacity 25964K, committed 26240K, reserved 1073152K
  class space    used 2684K, capacity 2912K, committed 2944K, reserved 1048576K
}
Event: 11.677 GC heap before
{Heap before GC invocations=11 (full 0):
 garbage-first heap   total 76800K, used 55505K [0x00000000c3200000, 0x0000000100000000)
  region size 1024K, 45 young (46080K), 4 survivors (4096K)
 Metaspace       used 28455K, capacity 29062K, committed 29184K, reserved 1075200K
  class space    used 3042K, capacity 3310K, committed 3328K, reserved 1048576K
}
Event: 11.718 GC heap after
{Heap after GC invocations=12 (full 0):
 garbage-first heap   total 76800K, used 13903K [0x00000000c3200000, 0x0000000100000000)
  region size 1024K, 3 young (3072K), 3 survivors (3072K)
 Metaspace       used 28455K, capacity 29062K, committed 29184K, reserved 1075200K
  class space    used 3042K, capacity 3310K, committed 3328K, reserved 1048576K
}
Event: 12.338 GC heap before
{Heap before GC invocations=12 (full 0):
 garbage-first heap   total 76800K, used 56911K [0x00000000c3200000, 0x0000000100000000)
  region size 1024K, 45 young (46080K), 3 survivors (3072K)
 Metaspace       used 30368K, capacity 31022K, committed 31232K, reserved 1077248K
  class space    used 3246K, capacity 3515K, committed 3584K, reserved 1048576K
}
Event: 12.361 GC heap after
{Heap after GC invocations=13 (full 0):
 garbage-first heap   total 100352K, used 14855K [0x00000000c3200000, 0x0000000100000000)
  region size 1024K, 4 young (4096K), 4 survivors (4096K)
 Metaspace       used 30368K, capacity 31022K, committed 31232K, reserved 1077248K
  class space    used 3246K, capacity 3515K, committed 3584K, reserved 1048576K
}
Event: 13.212 GC heap before
{Heap before GC invocations=13 (full 0):
 garbage-first heap   total 100352K, used 65031K [0x00000000c3200000, 0x0000000100000000)
  region size 1024K, 53 young (54272K), 4 survivors (4096K)
 Metaspace       used 33608K, capacity 34366K, committed 34432K, reserved 1079296K
  class space    used 3585K, capacity 3907K, committed 3968K, reserved 1048576K
}
Event: 13.243 GC heap after
{Heap after GC invocations=14 (full 0):
 garbage-first heap   total 100352K, used 15268K [0x00000000c3200000, 0x0000000100000000)
  region size 1024K, 5 young (5120K), 5 survivors (5120K)
 Metaspace       used 33608K, capacity 34366K, committed 34432K, reserved 1079296K
  class space    used 3585K, capacity 3907K, committed 3968K, reserved 1048576K
}
Event: 13.669 GC heap before
{Heap before GC invocations=14 (full 0):
 garbage-first heap   total 100352K, used 51108K [0x00000000c3200000, 0x0000000100000000)
  region size 1024K, 41 young (41984K), 5 survivors (5120K)
 Metaspace       used 34900K, capacity 35617K, committed 35840K, reserved 1081344K
  class space    used 3748K, capacity 4068K, committed 4096K, reserved 1048576K
}
Event: 13.697 GC heap after
{Heap after GC invocations=15 (full 0):
 garbage-first heap   total 100352K, used 15764K [0x00000000c3200000, 0x0000000100000000)
  region size 1024K, 5 young (5120K), 5 survivors (5120K)
 Metaspace       used 34900K, capacity 35617K, committed 35840K, reserved 1081344K
  class space    used 3748K, capacity 4068K, committed 4096K, reserved 1048576K
}
Event: 14.607 GC heap before
{Heap before GC invocations=16 (full 0):
 garbage-first heap   total 100352K, used 69012K [0x00000000c3200000, 0x0000000100000000)
  region size 1024K, 58 young (59392K), 5 survivors (5120K)
 Metaspace       used 37392K, capacity 38288K, committed 38528K, reserved 1083392K
  class space    used 4055K, capacity 4418K, committed 4480K, reserved 1048576K
}
Event: 14.646 GC heap after
{Heap after GC invocations=17 (full 0):
 garbage-first heap   total 100352K, used 16676K [0x00000000c3200000, 0x0000000100000000)
  region size 1024K, 5 young (5120K), 5 survivors (5120K)
 Metaspace       used 37392K, capacity 38288K, committed 38528K, reserved 1083392K
  class space    used 4055K, capacity 4418K, committed 4480K, reserved 1048576K
}
Event: 16.639 GC heap before
{Heap before GC invocations=17 (full 0):
 garbage-first heap   total 100352K, used 70948K [0x00000000c3200000, 0x0000000100000000)
  region size 1024K, 58 young (59392K), 5 survivors (5120K)
 Metaspace       used 40018K, capacity 40969K, committed 41088K, reserved 1085440K
  class space    used 4312K, capacity 4705K, committed 4736K, reserved 1048576K
}
Event: 16.662 GC heap after
{Heap after GC invocations=18 (full 0):
 garbage-first heap   total 120832K, used 17840K [0x00000000c3200000, 0x0000000100000000)
  region size 1024K, 6 young (6144K), 6 survivors (6144K)
 Metaspace       used 40018K, capacity 40969K, committed 41088K, reserved 1085440K
  class space    used 4312K, capacity 4705K, committed 4736K, reserved 1048576K
}
Event: 19.192 GC heap before
{Heap before GC invocations=18 (full 0):
 garbage-first heap   total 120832K, used 83376K [0x00000000c3200000, 0x0000000100000000)
  region size 1024K, 70 young (71680K), 6 survivors (6144K)
 Metaspace       used 42467K, capacity 43556K, committed 43776K, reserved 1087488K
  class space    used 4584K, capacity 5004K, committed 5120K, reserved 1048576K
}
Event: 19.266 GC heap after
{Heap after GC invocations=19 (full 0):
 garbage-first heap   total 120832K, used 19617K [0x00000000c3200000, 0x0000000100000000)
  region size 1024K, 7 young (7168K), 7 survivors (7168K)
 Metaspace       used 42467K, capacity 43556K, committed 43776K, reserved 1087488K
  class space    used 4584K, capacity 5004K, committed 5120K, reserved 1048576K
}
Event: 21.477 GC heap before
{Heap before GC invocations=19 (full 0):
 garbage-first heap   total 120832K, used 84129K [0x00000000c3200000, 0x0000000100000000)
  region size 1024K, 70 young (71680K), 7 survivors (7168K)
 Metaspace       used 46112K, capacity 47212K, committed 47360K, reserved 1091584K
  class space    used 5116K, capacity 5557K, committed 5632K, reserved 1048576K
}
Event: 21.574 GC heap after
{Heap after GC invocations=20 (full 0):
 garbage-first heap   total 120832K, used 20449K [0x00000000c3200000, 0x0000000100000000)
  region size 1024K, 6 young (6144K), 6 survivors (6144K)
 Metaspace       used 46112K, capacity 47212K, committed 47360K, reserved 1091584K
  class space    used 5116K, capacity 5557K, committed 5632K, reserved 1048576K
}
Event: 24.390 GC heap before
{Heap before GC invocations=20 (full 0):
 garbage-first heap   total 120832K, used 85985K [0x00000000c3200000, 0x0000000100000000)
  region size 1024K, 70 young (71680K), 6 survivors (6144K)
 Metaspace       used 49034K, capacity 50176K, committed 50304K, reserved 1093632K
  class space    used 5534K, capacity 5978K, committed 6016K, reserved 1048576K
}
Event: 24.434 GC heap after
{Heap after GC invocations=21 (full 0):
 garbage-first heap   total 120832K, used 22251K [0x00000000c3200000, 0x0000000100000000)
  region size 1024K, 6 young (6144K), 6 survivors (6144K)
 Metaspace       used 49034K, capacity 50176K, committed 50304K, reserved 1093632K
  class space    used 5534K, capacity 5978K, committed 6016K, reserved 1048576K
}
Event: 26.938 GC heap before
{Heap before GC invocations=21 (full 0):
 garbage-first heap   total 120832K, used 87787K [0x00000000c3200000, 0x0000000100000000)
  region size 1024K, 70 young (71680K), 6 survivors (6144K)
 Metaspace       used 50654K, capacity 51766K, committed 52096K, reserved 1095680K
  class space    used 5710K, capacity 6163K, committed 6272K, reserved 1048576K
}

